D:\PROJECTS\CG-BELEG-SS15\SOLARSHOOT\DEBUG\SOLARSHOOT.EXE
D:\PROJECTS\CG-BELEG-SS15\SOLARSHOOT\DEBUG\SOLARSHOOT.PDB
D:\projects\cg-beleg-ss15\SolarShoot\SolarShoot\Debug\cl.command.1.tlog
D:\projects\cg-beleg-ss15\SolarShoot\SolarShoot\Debug\CL.read.1.tlog
D:\projects\cg-beleg-ss15\SolarShoot\SolarShoot\Debug\CL.write.1.tlog
D:\projects\cg-beleg-ss15\SolarShoot\SolarShoot\Debug\link.command.1.tlog
D:\projects\cg-beleg-ss15\SolarShoot\SolarShoot\Debug\link.read.1.tlog
D:\projects\cg-beleg-ss15\SolarShoot\SolarShoot\Debug\link.write.1.tlog
D:\PROJECTS\CG-BELEG-SS15\SOLARSHOOT\SOLARSHOOT\DEBUG\MAIN.OBJ
D:\projects\cg-beleg-ss15\SolarShoot\SolarShoot\Debug\mt.command.1.tlog
D:\projects\cg-beleg-ss15\SolarShoot\SolarShoot\Debug\mt.read.1.tlog
D:\projects\cg-beleg-ss15\SolarShoot\SolarShoot\Debug\mt.write.1.tlog
D:\PROJECTS\CG-BELEG-SS15\SOLARSHOOT\SOLARSHOOT\DEBUG\SHADER.OBJ
D:\PROJECTS\CG-BELEG-SS15\SOLARSHOOT\SOLARSHOOT\DEBUG\SOLARSHOOT.EXE.INTERMEDIATE.MANIFEST
D:\projects\cg-beleg-ss15\SolarShoot\SolarShoot\Debug\SolarShoot.vcxprojResolveAssemblyReference.cache
D:\projects\cg-beleg-ss15\SolarShoot\SolarShoot\Debug\SolarShoot.write.1.tlog
D:\projects\cg-beleg-ss15\SolarShoot\SolarShoot\Debug\vc100.idb
D:\PROJECTS\CG-BELEG-SS15\SOLARSHOOT\SOLARSHOOT\DEBUG\VC100.PDB
D:\PROJECTS\CG-BELEG-SS15\SOLARSHOOT\SOLARSHOOT\DEBUG\WALL.OBJ
Z:\DOKUMENTE\COMPUTERGRAFIK\CG-BELEG-SS15\SOLARSHOOT\DEBUG\SOLARSHOOT.PDB
Z:\DOKUMENTE\COMPUTERGRAFIK\CG-BELEG-SS15\SOLARSHOOT\SOLARSHOOT\DEBUG\VC100.PDB
